<?xml version='1.1' encoding='UTF-8'?>
<result plugin="junit@1.53">
  <suites>
    <suite>
      <file>/opt/jenkins_slave1/workspace/Pipeline/Declarative/Test_Job_1/target/surefire-reports/TEST-com.example.demo.Task1ApplicationTests.xml</file>
      <name>com.example.demo.Task1ApplicationTests</name>
      <duration>7.58</duration>
      <time>7.58</time>
      <enclosingBlocks/>
      <enclosingBlockNames/>
      <cases>
        <case>
          <duration>0.617</duration>
          <className>com.example.demo.Task1ApplicationTests</className>
          <testName>contextLoads</testName>
          <skipped>false</skipped>
          <failedSince>0</failedSince>
        </case>
      </cases>
    </suite>
  </suites>
  <duration>7.58</duration>
  <keepLongStdio>false</keepLongStdio>
</result>